<?xml version="1.0" encoding="UTF-8"?>
<!-- Generated by org.testng.reporters.JUnitReportReporter -->
<testsuite hostname="DESKTOP-RITU9IV" failures="0" tests="1" name="as.TestNGAssertionDemo" time="0.026" errors="0" timestamp="2023-01-23T20:33:09 BDT" skipped="0">
  <testcase classname="as.TestNGAssertionDemo" name="testAssertions" time="0.026"/>
  <system-out/>
</testsuite> <!-- as.TestNGAssertionDemo -->
